{"/Users/Alien/Documents/GitHub/UseCallback/App.js": {"path":"/Users/Alien/Documents/GitHub/UseCallback/App.js","statementMap":{"0":{"start":{"line":12,"column":14},"end":{"line":17,"column":1}},"1":{"start":{"line":19,"column":12},"end":{"line":70,"column":1}},"2":{"start":{"line":20,"column":2},"end":{"line":20,"column":30}},"3":{"start":{"line":21,"column":26},"end":{"line":21,"column":38}},"4":{"start":{"line":22,"column":28},"end":{"line":22,"column":43}},"5":{"start":{"line":24,"column":21},"end":{"line":26,"column":3}},"6":{"start":{"line":25,"column":4},"end":{"line":25,"column":18}},"7":{"start":{"line":28,"column":24},"end":{"line":30,"column":3}},"8":{"start":{"line":29,"column":4},"end":{"line":29,"column":58}},"9":{"start":{"line":48,"column":23},"end":{"line":53,"column":3}},"10":{"start":{"line":50,"column":6},"end":{"line":50,"column":55}},"11":{"start":{"line":50,"column":38},"end":{"line":50,"column":52}},"12":{"start":{"line":55,"column":2},"end":{"line":69,"column":4}},"13":{"start":{"line":72,"column":15},"end":{"line":83,"column":2}}},"fnMap":{"0":{"name":"(anonymous_0)","decl":{"start":{"line":19,"column":12},"end":{"line":19,"column":13}},"loc":{"start":{"line":19,"column":18},"end":{"line":70,"column":1}},"line":19},"1":{"name":"(anonymous_1)","decl":{"start":{"line":24,"column":21},"end":{"line":24,"column":22}},"loc":{"start":{"line":24,"column":31},"end":{"line":26,"column":3}},"line":24},"2":{"name":"(anonymous_2)","decl":{"start":{"line":28,"column":24},"end":{"line":28,"column":25}},"loc":{"start":{"line":28,"column":30},"end":{"line":30,"column":3}},"line":28},"3":{"name":"(anonymous_3)","decl":{"start":{"line":49,"column":4},"end":{"line":49,"column":5}},"loc":{"start":{"line":49,"column":12},"end":{"line":51,"column":5}},"line":49},"4":{"name":"(anonymous_4)","decl":{"start":{"line":50,"column":28},"end":{"line":50,"column":29}},"loc":{"start":{"line":50,"column":38},"end":{"line":50,"column":52}},"line":50}},"branchMap":{},"s":{"0":1,"1":1,"2":5,"3":5,"4":5,"5":5,"6":1,"7":5,"8":1,"9":5,"10":0,"11":0,"12":5,"13":1},"f":{"0":5,"1":1,"2":1,"3":0,"4":0},"b":{},"_coverageSchema":"1a1c01bbd47fc00a2c39e90264f33305004495a9","hash":"3aac6572b87545789493465523d501b69e0e81d3"}
,"/Users/Alien/Documents/GitHub/UseCallback/src/components/List.js": {"path":"/Users/Alien/Documents/GitHub/UseCallback/src/components/List.js","statementMap":{"0":{"start":{"line":10,"column":13},"end":{"line":18,"column":2}},"1":{"start":{"line":11,"column":2},"end":{"line":11,"column":31}},"2":{"start":{"line":13,"column":21},"end":{"line":15,"column":3}},"3":{"start":{"line":14,"column":4},"end":{"line":14,"column":62}},"4":{"start":{"line":17,"column":2},"end":{"line":17,"column":77}}},"fnMap":{"0":{"name":"(anonymous_0)","decl":{"start":{"line":10,"column":24},"end":{"line":10,"column":25}},"loc":{"start":{"line":10,"column":48},"end":{"line":18,"column":1}},"line":10},"1":{"name":"(anonymous_1)","decl":{"start":{"line":13,"column":21},"end":{"line":13,"column":22}},"loc":{"start":{"line":14,"column":4},"end":{"line":14,"column":62}},"line":14}},"branchMap":{},"s":{"0":2,"1":5,"2":5,"3":27,"4":5},"f":{"0":5,"1":27},"b":{},"_coverageSchema":"1a1c01bbd47fc00a2c39e90264f33305004495a9","hash":"c2e88867330c355294131ddeeab10646a01f6e4b"}
,"/Users/Alien/Documents/GitHub/UseCallback/src/components/ListItem.js": {"path":"/Users/Alien/Documents/GitHub/UseCallback/src/components/ListItem.js","statementMap":{"0":{"start":{"line":9,"column":17},"end":{"line":21,"column":2}},"1":{"start":{"line":10,"column":2},"end":{"line":10,"column":35}},"2":{"start":{"line":11,"column":2},"end":{"line":20,"column":4}},"3":{"start":{"line":17,"column":23},"end":{"line":17,"column":40}},"4":{"start":{"line":25,"column":15},"end":{"line":37,"column":2}}},"fnMap":{"0":{"name":"(anonymous_0)","decl":{"start":{"line":9,"column":28},"end":{"line":9,"column":29}},"loc":{"start":{"line":9,"column":52},"end":{"line":21,"column":1}},"line":9},"1":{"name":"(anonymous_1)","decl":{"start":{"line":17,"column":17},"end":{"line":17,"column":18}},"loc":{"start":{"line":17,"column":23},"end":{"line":17,"column":40}},"line":17}},"branchMap":{},"s":{"0":3,"1":29,"2":29,"3":1,"4":3},"f":{"0":29,"1":1},"b":{},"_coverageSchema":"1a1c01bbd47fc00a2c39e90264f33305004495a9","hash":"319ead8d07ae69ab81d7ec7591130b0c06d6c1e7"}
}
