TN:
SF:App.js
FN:19,(anonymous_0)
FN:24,(anonymous_1)
FN:28,(anonymous_2)
FN:49,(anonymous_3)
FN:50,(anonymous_4)
FNF:5
FNH:3
FNDA:5,(anonymous_0)
FNDA:1,(anonymous_1)
FNDA:1,(anonymous_2)
FNDA:0,(anonymous_3)
FNDA:0,(anonymous_4)
DA:12,1
DA:19,1
DA:20,5
DA:21,5
DA:22,5
DA:24,5
DA:25,1
DA:28,5
DA:29,1
DA:48,5
DA:50,0
DA:55,5
DA:72,1
LF:13
LH:12
BRF:0
BRH:0
end_of_record
TN:
SF:src/components/List.js
FN:10,(anonymous_0)
FN:13,(anonymous_1)
FNF:2
FNH:2
FNDA:5,(anonymous_0)
FNDA:27,(anonymous_1)
DA:10,2
DA:11,5
DA:13,5
DA:14,27
DA:17,5
LF:5
LH:5
BRF:0
BRH:0
end_of_record
TN:
SF:src/components/ListItem.js
FN:9,(anonymous_0)
FN:17,(anonymous_1)
FNF:2
FNH:2
FNDA:29,(anonymous_0)
FNDA:1,(anonymous_1)
DA:9,3
DA:10,29
DA:11,29
DA:17,1
DA:25,3
LF:5
LH:5
BRF:0
BRH:0
end_of_record
